2019-4-9 15:34:38[ERROR](ContextLoader.java:316) Context initialization failed
org.springframework.beans.factory.BeanCreationException: Error creating bean with name 'dataSource' defined in file [C:\Users\changhe.a.ye\Idea\Sdot\target\classes\spring\spring-context.xml]: BeanPostProcessor before instantiation of bean failed; nested exception is org.springframework.beans.factory.BeanCreationException: Error creating bean with name 'org.springframework.transaction.config.internalTransactionAdvisor': Cannot resolve reference to bean 'org.springframework.transaction.annotation.AnnotationTransactionAttributeSource#0' while setting bean property 'transactionAttributeSource'; nested exception is org.springframework.beans.factory.BeanCreationException: Error creating bean with name 'org.springframework.transaction.annotation.AnnotationTransactionAttributeSource#0': BeanPostProcessor before instantiation of bean failed; nested exception is org.springframework.beans.factory.BeanCreationException: Error creating bean with name 'org.springframework.aop.support.DefaultBeanFactoryPointcutAdvisor#0': Cannot resolve reference to bean 'studentPointcut' while setting bean property 'pointcut'; nested exception is org.springframework.beans.factory.BeanCreationException: Error creating bean with name 'studentPointcut': Lookup method resolution failed; nested exception is java.lang.IllegalStateException: Failed to introspect Class [org.springframework.aop.aspectj.AspectJExpressionPointcut] from ClassLoader [WebappClassLoader
  context: /Sdot
  delegate: false
  repositories:
----------> Parent Classloader:
ClassRealm[plugin>org.apache.tomcat.maven:tomcat7-maven-plugin:2.2, parent: sun.misc.Launcher$AppClassLoader@18b4aac2]
]
	at org.springframework.beans.factory.support.AbstractAutowireCapableBeanFactory.createBean(AbstractAutowireCapableBeanFactory.java:497)
	at org.springframework.beans.factory.support.AbstractBeanFactory.lambda$doGetBean$0(AbstractBeanFactory.java:312)
	at org.springframework.beans.factory.support.DefaultSingletonBeanRegistry.getSingleton(DefaultSingletonBeanRegistry.java:228)
	at org.springframework.beans.factory.support.AbstractBeanFactory.doGetBean(AbstractBeanFactory.java:310)
	at org.springframework.beans.factory.support.AbstractBeanFactory.getBean(AbstractBeanFactory.java:200)
	at org.springframework.beans.factory.support.DefaultListableBeanFactory.preInstantiateSingletons(DefaultListableBeanFactory.java:756)
	at org.springframework.context.support.AbstractApplicationContext.finishBeanFactoryInitialization(AbstractApplicationContext.java:868)
	at org.springframework.context.support.AbstractApplicationContext.refresh(AbstractApplicationContext.java:549)
	at org.springframework.web.context.ContextLoader.configureAndRefreshWebApplicationContext(ContextLoader.java:409)
	at org.springframework.web.context.ContextLoader.initWebApplicationContext(ContextLoader.java:291)
	at org.springframework.web.context.ContextLoaderListener.contextInitialized(ContextLoaderListener.java:103)
	at org.apache.catalina.core.StandardContext.listenerStart(StandardContext.java:4939)
	at org.apache.catalina.core.StandardContext.startInternal(StandardContext.java:5434)
	at org.apache.catalina.util.LifecycleBase.start(LifecycleBase.java:150)
	at org.apache.catalina.core.ContainerBase$StartChild.call(ContainerBase.java:1559)
	at org.apache.catalina.core.ContainerBase$StartChild.call(ContainerBase.java:1549)
	at java.util.concurrent.FutureTask.run(FutureTask.java:266)
	at java.util.concurrent.ThreadPoolExecutor.runWorker(ThreadPoolExecutor.java:1149)
	at java.util.concurrent.ThreadPoolExecutor$Worker.run(ThreadPoolExecutor.java:624)
	at java.lang.Thread.run(Thread.java:748)
Caused by: org.springframework.beans.factory.BeanCreationException: Error creating bean with name 'org.springframework.transaction.config.internalTransactionAdvisor': Cannot resolve reference to bean 'org.springframework.transaction.annotation.AnnotationTransactionAttributeSource#0' while setting bean property 'transactionAttributeSource'; nested exception is org.springframework.beans.factory.BeanCreationException: Error creating bean with name 'org.springframework.transaction.annotation.AnnotationTransactionAttributeSource#0': BeanPostProcessor before instantiation of bean failed; nested exception is org.springframework.beans.factory.BeanCreationException: Error creating bean with name 'org.springframework.aop.support.DefaultBeanFactoryPointcutAdvisor#0': Cannot resolve reference to bean 'studentPointcut' while setting bean property 'pointcut'; nested exception is org.springframework.beans.factory.BeanCreationException: Error creating bean with name 'studentPointcut': Lookup method resolution failed; nested exception is java.lang.IllegalStateException: Failed to introspect Class [org.springframework.aop.aspectj.AspectJExpressionPointcut] from ClassLoader [WebappClassLoader
  context: /Sdot
  delegate: false
  repositories:
----------> Parent Classloader:
ClassRealm[plugin>org.apache.tomcat.maven:tomcat7-maven-plugin:2.2, parent: sun.misc.Launcher$AppClassLoader@18b4aac2]
]
	at org.springframework.beans.factory.support.BeanDefinitionValueResolver.resolveReference(BeanDefinitionValueResolver.java:378)
	at org.springframework.beans.factory.support.BeanDefinitionValueResolver.resolveValueIfNecessary(BeanDefinitionValueResolver.java:110)
	at org.springframework.beans.factory.support.AbstractAutowireCapableBeanFactory.applyPropertyValues(AbstractAutowireCapableBeanFactory.java:1607)
	at org.springframework.beans.factory.support.AbstractAutowireCapableBeanFactory.populateBean(AbstractAutowireCapableBeanFactory.java:1352)
	at org.springframework.beans.factory.support.AbstractAutowireCapableBeanFactory.doCreateBean(AbstractAutowireCapableBeanFactory.java:582)
	at org.springframework.beans.factory.support.AbstractAutowireCapableBeanFactory.createBean(AbstractAutowireCapableBeanFactory.java:502)
	at org.springframework.beans.factory.support.AbstractBeanFactory.lambda$doGetBean$0(AbstractBeanFactory.java:312)
	at org.springframework.beans.factory.support.DefaultSingletonBeanRegistry.getSingleton(DefaultSingletonBeanRegistry.java:228)
	at org.springframework.beans.factory.support.AbstractBeanFactory.doGetBean(AbstractBeanFactory.java:310)
	at org.springframework.beans.factory.support.AbstractBeanFactory.getBean(AbstractBeanFactory.java:205)
	at org.springframework.aop.framework.autoproxy.BeanFactoryAdvisorRetrievalHelper.findAdvisorBeans(BeanFactoryAdvisorRetrievalHelper.java:94)
	at org.springframework.aop.framework.autoproxy.AbstractAdvisorAutoProxyCreator.findCandidateAdvisors(AbstractAdvisorAutoProxyCreator.java:107)
	at org.springframework.aop.aspectj.autoproxy.AspectJAwareAdvisorAutoProxyCreator.shouldSkip(AspectJAwareAdvisorAutoProxyCreator.java:103)
	at org.springframework.aop.framework.autoproxy.AbstractAutoProxyCreator.postProcessBeforeInstantiation(AbstractAutoProxyCreator.java:254)
	at org.springframework.beans.factory.support.AbstractAutowireCapableBeanFactory.applyBeanPostProcessorsBeforeInstantiation(AbstractAutowireCapableBeanFactory.java:1062)
	at org.springframework.beans.factory.support.AbstractAutowireCapableBeanFactory.resolveBeforeInstantiation(AbstractAutowireCapableBeanFactory.java:1035)
	at org.springframework.beans.factory.support.AbstractAutowireCapableBeanFactory.createBean(AbstractAutowireCapableBeanFactory.java:491)
	... 19 more
Caused by: org.springframework.beans.factory.BeanCreationException: Error creating bean with name 'org.springframework.transaction.annotation.AnnotationTransactionAttributeSource#0': BeanPostProcessor before instantiation of bean failed; nested exception is org.springframework.beans.factory.BeanCreationException: Error creating bean with name 'org.springframework.aop.support.DefaultBeanFactoryPointcutAdvisor#0': Cannot resolve reference to bean 'studentPointcut' while setting bean property 'pointcut'; nested exception is org.springframework.beans.factory.BeanCreationException: Error creating bean with name 'studentPointcut': Lookup method resolution failed; nested exception is java.lang.IllegalStateException: Failed to introspect Class [org.springframework.aop.aspectj.AspectJExpressionPointcut] from ClassLoader [WebappClassLoader
  context: /Sdot
  delegate: false
  repositories:
----------> Parent Classloader:
ClassRealm[plugin>org.apache.tomcat.maven:tomcat7-maven-plugin:2.2, parent: sun.misc.Launcher$AppClassLoader@18b4aac2]
]
	at org.springframework.beans.factory.support.AbstractAutowireCapableBeanFactory.createBean(AbstractAutowireCapableBeanFactory.java:497)
	at org.springframework.beans.factory.support.AbstractBeanFactory.lambda$doGetBean$0(AbstractBeanFactory.java:312)
	at org.springframework.beans.factory.support.DefaultSingletonBeanRegistry.getSingleton(DefaultSingletonBeanRegistry.java:228)
	at org.springframework.beans.factory.support.AbstractBeanFactory.doGetBean(AbstractBeanFactory.java:310)
	at org.springframework.beans.factory.support.AbstractBeanFactory.getBean(AbstractBeanFactory.java:200)
	at org.springframework.beans.factory.support.BeanDefinitionValueResolver.resolveReference(BeanDefinitionValueResolver.java:367)
	... 35 more
Caused by: org.springframework.beans.factory.BeanCreationException: Error creating bean with name 'org.springframework.aop.support.DefaultBeanFactoryPointcutAdvisor#0': Cannot resolve reference to bean 'studentPointcut' while setting bean property 'pointcut'; nested exception is org.springframework.beans.factory.BeanCreationException: Error creating bean with name 'studentPointcut': Lookup method resolution failed; nested exception is java.lang.IllegalStateException: Failed to introspect Class [org.springframework.aop.aspectj.AspectJExpressionPointcut] from ClassLoader [WebappClassLoader
  context: /Sdot
  delegate: false
  repositories:
----------> Parent Classloader:
ClassRealm[plugin>org.apache.tomcat.maven:tomcat7-maven-plugin:2.2, parent: sun.misc.Launcher$AppClassLoader@18b4aac2]
]
	at org.springframework.beans.factory.support.BeanDefinitionValueResolver.resolveReference(BeanDefinitionValueResolver.java:378)
	at org.springframework.beans.factory.support.BeanDefinitionValueResolver.resolveValueIfNecessary(BeanDefinitionValueResolver.java:110)
	at org.springframework.beans.factory.support.AbstractAutowireCapableBeanFactory.applyPropertyValues(AbstractAutowireCapableBeanFactory.java:1607)
	at org.springframework.beans.factory.support.AbstractAutowireCapableBeanFactory.populateBean(AbstractAutowireCapableBeanFactory.java:1352)
	at org.springframework.beans.factory.support.AbstractAutowireCapableBeanFactory.doCreateBean(AbstractAutowireCapableBeanFactory.java:582)
	at org.springframework.beans.factory.support.AbstractAutowireCapableBeanFactory.createBean(AbstractAutowireCapableBeanFactory.java:502)
	at org.springframework.beans.factory.support.AbstractBeanFactory.lambda$doGetBean$0(AbstractBeanFactory.java:312)
	at org.springframework.beans.factory.support.DefaultSingletonBeanRegistry.getSingleton(DefaultSingletonBeanRegistry.java:228)
	at org.springframework.beans.factory.support.AbstractBeanFactory.doGetBean(AbstractBeanFactory.java:310)
	at org.springframework.beans.factory.support.AbstractBeanFactory.getBean(AbstractBeanFactory.java:205)
	at org.springframework.aop.framework.autoproxy.BeanFactoryAdvisorRetrievalHelper.findAdvisorBeans(BeanFactoryAdvisorRetrievalHelper.java:94)
	at org.springframework.aop.framework.autoproxy.AbstractAdvisorAutoProxyCreator.findCandidateAdvisors(AbstractAdvisorAutoProxyCreator.java:107)
	at org.springframework.aop.aspectj.autoproxy.AspectJAwareAdvisorAutoProxyCreator.shouldSkip(AspectJAwareAdvisorAutoProxyCreator.java:103)
	at org.springframework.aop.framework.autoproxy.AbstractAutoProxyCreator.postProcessBeforeInstantiation(AbstractAutoProxyCreator.java:254)
	at org.springframework.beans.factory.support.AbstractAutowireCapableBeanFactory.applyBeanPostProcessorsBeforeInstantiation(AbstractAutowireCapableBeanFactory.java:1062)
	at org.springframework.beans.factory.support.AbstractAutowireCapableBeanFactory.resolveBeforeInstantiation(AbstractAutowireCapableBeanFactory.java:1035)
	at org.springframework.beans.factory.support.AbstractAutowireCapableBeanFactory.createBean(AbstractAutowireCapableBeanFactory.java:491)
	... 40 more
Caused by: org.springframework.beans.factory.BeanCreationException: Error creating bean with name 'studentPointcut': Lookup method resolution failed; nested exception is java.lang.IllegalStateException: Failed to introspect Class [org.springframework.aop.aspectj.AspectJExpressionPointcut] from ClassLoader [WebappClassLoader
  context: /Sdot
  delegate: false
  repositories:
----------> Parent Classloader:
ClassRealm[plugin>org.apache.tomcat.maven:tomcat7-maven-plugin:2.2, parent: sun.misc.Launcher$AppClassLoader@18b4aac2]
]
	at org.springframework.beans.factory.annotation.AutowiredAnnotationBeanPostProcessor.determineCandidateConstructors(AutowiredAnnotationBeanPostProcessor.java:262)
	at org.springframework.beans.factory.support.AbstractAutowireCapableBeanFactory.determineConstructorsFromBeanPostProcessors(AbstractAutowireCapableBeanFactory.java:1197)
	at org.springframework.beans.factory.support.AbstractAutowireCapableBeanFactory.createBeanInstance(AbstractAutowireCapableBeanFactory.java:1122)
	at org.springframework.beans.factory.support.AbstractAutowireCapableBeanFactory.doCreateBean(AbstractAutowireCapableBeanFactory.java:545)
	at org.springframework.beans.factory.support.AbstractAutowireCapableBeanFactory.createBean(AbstractAutowireCapableBeanFactory.java:502)
	at org.springframework.beans.factory.support.AbstractBeanFactory.doGetBean(AbstractBeanFactory.java:330)
	at org.springframework.beans.factory.support.AbstractBeanFactory.getBean(AbstractBeanFactory.java:200)
	at org.springframework.beans.factory.support.BeanDefinitionValueResolver.resolveReference(BeanDefinitionValueResolver.java:367)
	... 56 more
Caused by: java.lang.IllegalStateException: Failed to introspect Class [org.springframework.aop.aspectj.AspectJExpressionPointcut] from ClassLoader [WebappClassLoader
  context: /Sdot
  delegate: false
  repositories:
----------> Parent Classloader:
ClassRealm[plugin>org.apache.tomcat.maven:tomcat7-maven-plugin:2.2, parent: sun.misc.Launcher$AppClassLoader@18b4aac2]
]
	at org.springframework.util.ReflectionUtils.getDeclaredMethods(ReflectionUtils.java:659)
	at org.springframework.util.ReflectionUtils.doWithMethods(ReflectionUtils.java:556)
	at org.springframework.util.ReflectionUtils.doWithMethods(ReflectionUtils.java:541)
	at org.springframework.beans.factory.annotation.AutowiredAnnotationBeanPostProcessor.determineCandidateConstructors(AutowiredAnnotationBeanPostProcessor.java:245)
	... 63 more
Caused by: java.lang.NoClassDefFoundError: org/aspectj/weaver/reflect/ReflectionWorld$ReflectionWorldException
	at java.lang.Class.getDeclaredMethods0(Native Method)
	at java.lang.Class.privateGetDeclaredMethods(Class.java:2701)
	at java.lang.Class.getDeclaredMethods(Class.java:1975)
	at org.springframework.util.ReflectionUtils.getDeclaredMethods(ReflectionUtils.java:641)
	... 66 more
Caused by: java.lang.ClassNotFoundException: org.aspectj.weaver.reflect.ReflectionWorld$ReflectionWorldException
	at org.apache.catalina.loader.WebappClassLoader.loadClass(WebappClassLoader.java:1702)
	at org.apache.catalina.loader.WebappClassLoader.loadClass(WebappClassLoader.java:1547)
	... 70 more
2019-4-9 15:39:10[ERROR](ContextLoader.java:316) Context initialization failed
org.springframework.beans.factory.BeanCreationException: Error creating bean with name 'MacService': Injection of resource dependencies failed; nested exception is org.springframework.beans.factory.NoSuchBeanDefinitionException: No qualifying bean of type 'com.iss.rs.mapper.MachineMapper' available: expected at least 1 bean which qualifies as autowire candidate. Dependency annotations: {@javax.annotation.Resource(shareable=true, lookup=, name=, description=, authenticationType=CONTAINER, type=class java.lang.Object, mappedName=)}
	at org.springframework.context.annotation.CommonAnnotationBeanPostProcessor.postProcessPropertyValues(CommonAnnotationBeanPostProcessor.java:321)
	at org.springframework.beans.factory.support.AbstractAutowireCapableBeanFactory.populateBean(AbstractAutowireCapableBeanFactory.java:1340)
	at org.springframework.beans.factory.support.AbstractAutowireCapableBeanFactory.doCreateBean(AbstractAutowireCapableBeanFactory.java:582)
	at org.springframework.beans.factory.support.AbstractAutowireCapableBeanFactory.createBean(AbstractAutowireCapableBeanFactory.java:502)
	at org.springframework.beans.factory.support.AbstractBeanFactory.lambda$doGetBean$0(AbstractBeanFactory.java:312)
	at org.springframework.beans.factory.support.DefaultSingletonBeanRegistry.getSingleton(DefaultSingletonBeanRegistry.java:228)
	at org.springframework.beans.factory.support.AbstractBeanFactory.doGetBean(AbstractBeanFactory.java:310)
	at org.springframework.beans.factory.support.AbstractBeanFactory.getBean(AbstractBeanFactory.java:200)
	at org.springframework.beans.factory.support.DefaultListableBeanFactory.preInstantiateSingletons(DefaultListableBeanFactory.java:756)
	at org.springframework.context.support.AbstractApplicationContext.finishBeanFactoryInitialization(AbstractApplicationContext.java:868)
	at org.springframework.context.support.AbstractApplicationContext.refresh(AbstractApplicationContext.java:549)
	at org.springframework.web.context.ContextLoader.configureAndRefreshWebApplicationContext(ContextLoader.java:409)
	at org.springframework.web.context.ContextLoader.initWebApplicationContext(ContextLoader.java:291)
	at org.springframework.web.context.ContextLoaderListener.contextInitialized(ContextLoaderListener.java:103)
	at org.apache.catalina.core.StandardContext.listenerStart(StandardContext.java:4939)
	at org.apache.catalina.core.StandardContext.startInternal(StandardContext.java:5434)
	at org.apache.catalina.util.LifecycleBase.start(LifecycleBase.java:150)
	at org.apache.catalina.core.ContainerBase$StartChild.call(ContainerBase.java:1559)
	at org.apache.catalina.core.ContainerBase$StartChild.call(ContainerBase.java:1549)
	at java.util.concurrent.FutureTask.run(FutureTask.java:266)
	at java.util.concurrent.ThreadPoolExecutor.runWorker(ThreadPoolExecutor.java:1149)
	at java.util.concurrent.ThreadPoolExecutor$Worker.run(ThreadPoolExecutor.java:624)
	at java.lang.Thread.run(Thread.java:748)
Caused by: org.springframework.beans.factory.NoSuchBeanDefinitionException: No qualifying bean of type 'com.iss.rs.mapper.MachineMapper' available: expected at least 1 bean which qualifies as autowire candidate. Dependency annotations: {@javax.annotation.Resource(shareable=true, lookup=, name=, description=, authenticationType=CONTAINER, type=class java.lang.Object, mappedName=)}
	at org.springframework.beans.factory.support.DefaultListableBeanFactory.raiseNoMatchingBeanFound(DefaultListableBeanFactory.java:1501)
	at org.springframework.beans.factory.support.DefaultListableBeanFactory.doResolveDependency(DefaultListableBeanFactory.java:1099)
	at org.springframework.beans.factory.support.DefaultListableBeanFactory.resolveDependency(DefaultListableBeanFactory.java:1060)
	at org.springframework.context.annotation.CommonAnnotationBeanPostProcessor.autowireResource(CommonAnnotationBeanPostProcessor.java:506)
	at org.springframework.context.annotation.CommonAnnotationBeanPostProcessor.getResource(CommonAnnotationBeanPostProcessor.java:484)
	at org.springframework.context.annotation.CommonAnnotationBeanPostProcessor$ResourceElement.getResourceToInject(CommonAnnotationBeanPostProcessor.java:618)
	at org.springframework.beans.factory.annotation.InjectionMetadata$InjectedElement.inject(InjectionMetadata.java:177)
	at org.springframework.beans.factory.annotation.InjectionMetadata.inject(InjectionMetadata.java:91)
	at org.springframework.context.annotation.CommonAnnotationBeanPostProcessor.postProcessPropertyValues(CommonAnnotationBeanPostProcessor.java:318)
	... 22 more
